{"name": "После оформления заказа его номер появляется в разделе В работе", "status": "broken", "statusDetails": {"message": "selenium.common.exceptions.TimeoutException: Message:", "trace": "self = <tests.test_order_feed_page.TestOrderFeedPage object at 0x000001BDD90D5120>\ndriver = <selenium.webdriver.chrome.webdriver.WebDriver (session=\"a57ff509b2fe87b4a464b9d5411be46b\")>\n\n    @allure.title('После оформления заказа его номер появляется в разделе В работе')\n    def test_num_order_in_work(self, driver):\n>       result = OrderFeedPage(driver).base_check_number_order_in_work()\n\ntests\\test_order_feed_page.py:28: \n_ _ _ _ _ _ _ _ _ _ _ _ _ _ _ _ _ _ _ _ _ _ _ _ _ _ _ _ _ _ _ _ _ _ _ _ _ _ _ _ _ _ _ _ _ _ _ _ _ _ _ _ _ _ _ _ _ _ _ _ _ _ _ _ _ _ _ _ _ _ _ _ _ _ _ _ _ _ _ _ _ _ _ _ _ _ _ _ _ \npages\\order_feed_page.py:255: in base_check_number_order_in_work\n    num_new_order = self.base_check_number_new_order()\npages\\order_feed_page.py:176: in base_check_number_new_order\n    self.wait__element()\npages\\order_feed_page.py:52: in wait__element\n    return self.wait_element_(locator, text_value)\npages\\base_page.py:43: in wait_element_\n    return WebDriverWait(self.driver, 15).until(expected_conditions.none_of(\n_ _ _ _ _ _ _ _ _ _ _ _ _ _ _ _ _ _ _ _ _ _ _ _ _ _ _ _ _ _ _ _ _ _ _ _ _ _ _ _ _ _ _ _ _ _ _ _ _ _ _ _ _ _ _ _ _ _ _ _ _ _ _ _ _ _ _ _ _ _ _ _ _ _ _ _ _ _ _ _ _ _ _ _ _ _ _ _ _ \n\nself = <selenium.webdriver.support.wait.WebDriverWait (session=\"a57ff509b2fe87b4a464b9d5411be46b\")>, method = <function none_of.<locals>.none_of_condition at 0x000001BDD91D0AF0>\nmessage = ''\n\n    def until(self, method: Callable[[D], Union[Literal[False], T]], message: str = \"\") -> T:\n        \"\"\"Calls the method provided with the driver as an argument until the \\\n        return value does not evaluate to ``False``.\n    \n        :param method: callable(WebDriver)\n        :param message: optional message for :exc:`TimeoutException`\n        :returns: the result of the last call to `method`\n        :raises: :exc:`selenium.common.exceptions.TimeoutException` if timeout occurs\n        \"\"\"\n        screen = None\n        stacktrace = None\n    \n        end_time = time.monotonic() + self._timeout\n        while True:\n            try:\n                value = method(self._driver)\n                if value:\n                    return value\n            except self._ignored_exceptions as exc:\n                screen = getattr(exc, \"screen\", None)\n                stacktrace = getattr(exc, \"stacktrace\", None)\n            time.sleep(self._poll)\n            if time.monotonic() > end_time:\n                break\n>       raise TimeoutException(message, screen, stacktrace)\nE       selenium.common.exceptions.TimeoutException: Message:\n\nvenv\\lib\\site-packages\\selenium\\webdriver\\support\\wait.py:105: TimeoutException"}, "steps": [{"name": "Общие шаги: после оформления заказа его номер появляется в разделе \"В работе\"", "status": "broken", "statusDetails": {"message": "selenium.common.exceptions.TimeoutException: Message: \n\n", "trace": "  File \"C:\\Users\\123\\PycharmProjects\\Diplom\\Diplom_3\\venv\\lib\\site-packages\\allure_commons\\_allure.py\", line 192, in impl\n    return func(*a, **kw)\n  File \"C:\\Users\\123\\PycharmProjects\\Diplom\\Diplom_3\\pages\\order_feed_page.py\", line 255, in base_check_number_order_in_work\n    num_new_order = self.base_check_number_new_order()\n  File \"C:\\Users\\123\\PycharmProjects\\Diplom\\Diplom_3\\venv\\lib\\site-packages\\allure_commons\\_allure.py\", line 192, in impl\n    return func(*a, **kw)\n  File \"C:\\Users\\123\\PycharmProjects\\Diplom\\Diplom_3\\pages\\order_feed_page.py\", line 176, in base_check_number_new_order\n    self.wait__element()\n  File \"C:\\Users\\123\\PycharmProjects\\Diplom\\Diplom_3\\venv\\lib\\site-packages\\allure_commons\\_allure.py\", line 192, in impl\n    return func(*a, **kw)\n  File \"C:\\Users\\123\\PycharmProjects\\Diplom\\Diplom_3\\pages\\order_feed_page.py\", line 52, in wait__element\n    return self.wait_element_(locator, text_value)\n  File \"C:\\Users\\123\\PycharmProjects\\Diplom\\Diplom_3\\pages\\base_page.py\", line 43, in wait_element_\n    return WebDriverWait(self.driver, 15).until(expected_conditions.none_of(\n  File \"C:\\Users\\123\\PycharmProjects\\Diplom\\Diplom_3\\venv\\lib\\site-packages\\selenium\\webdriver\\support\\wait.py\", line 105, in until\n    raise TimeoutException(message, screen, stacktrace)\n"}, "steps": [{"name": "Общие шаги получения номера нового заказа", "status": "broken", "statusDetails": {"message": "selenium.common.exceptions.TimeoutException: Message: \n\n", "trace": "  File \"C:\\Users\\123\\PycharmProjects\\Diplom\\Diplom_3\\venv\\lib\\site-packages\\allure_commons\\_allure.py\", line 192, in impl\n    return func(*a, **kw)\n  File \"C:\\Users\\123\\PycharmProjects\\Diplom\\Diplom_3\\pages\\order_feed_page.py\", line 176, in base_check_number_new_order\n    self.wait__element()\n  File \"C:\\Users\\123\\PycharmProjects\\Diplom\\Diplom_3\\venv\\lib\\site-packages\\allure_commons\\_allure.py\", line 192, in impl\n    return func(*a, **kw)\n  File \"C:\\Users\\123\\PycharmProjects\\Diplom\\Diplom_3\\pages\\order_feed_page.py\", line 52, in wait__element\n    return self.wait_element_(locator, text_value)\n  File \"C:\\Users\\123\\PycharmProjects\\Diplom\\Diplom_3\\pages\\base_page.py\", line 43, in wait_element_\n    return WebDriverWait(self.driver, 15).until(expected_conditions.none_of(\n  File \"C:\\Users\\123\\PycharmProjects\\Diplom\\Diplom_3\\venv\\lib\\site-packages\\selenium\\webdriver\\support\\wait.py\", line 105, in until\n    raise TimeoutException(message, screen, stacktrace)\n"}, "steps": [{"name": "Общие шаги для авторизации", "status": "passed", "steps": [{"name": "Ожидаем кликабельность кнопки \"Личный кабинет\"", "status": "passed", "start": 1704910379535, "stop": 1704910379559}, {"name": "Нажимаем на кнопку \"Войти в аккаунт\" на главной странице", "status": "passed", "start": 1704910379559, "stop": 1704910379612}, {"name": "Нажимаем на поле \"Email\" на странице авторизации", "status": "passed", "start": 1704910379616, "stop": 1704910379669}, {"name": "Вводим email зарегистрированного пользователя на странице авторизации", "status": "passed", "start": 1704910379669, "stop": 1704910379729}, {"name": "Нажимаем на поле \"Пароль\" на странице авторизации", "status": "passed", "start": 1704910379729, "stop": 1704910379775}, {"name": "Вводим пароль зарегистрированного пользователя на странице авторизации", "status": "passed", "start": 1704910379775, "stop": 1704910379814}, {"name": "Ожидаем кнопку \"Войти\" на странице авторизации", "status": "passed", "start": 1704910379814, "stop": 1704910379834}, {"name": "Нажимаем на кнопку \"Войти\" на странице авторизации", "status": "passed", "start": 1704910379834, "stop": 1704910379872}], "start": 1704910379530, "stop": 1704910379874}, {"name": "Перетаскиваем ингредиент в заказ", "status": "passed", "start": 1704910379874, "stop": 1704910381545}, {"name": "Нажимаем на кнопку \"Оформить заказ\"", "status": "passed", "start": 1704910381545, "stop": 1704910381594}, {"name": "Ожидание появления элемента", "status": "broken", "statusDetails": {"message": "selenium.common.exceptions.TimeoutException: Message: \n\n", "trace": "  File \"C:\\Users\\123\\PycharmProjects\\Diplom\\Diplom_3\\venv\\lib\\site-packages\\allure_commons\\_allure.py\", line 192, in impl\n    return func(*a, **kw)\n  File \"C:\\Users\\123\\PycharmProjects\\Diplom\\Diplom_3\\pages\\order_feed_page.py\", line 52, in wait__element\n    return self.wait_element_(locator, text_value)\n  File \"C:\\Users\\123\\PycharmProjects\\Diplom\\Diplom_3\\pages\\base_page.py\", line 43, in wait_element_\n    return WebDriverWait(self.driver, 15).until(expected_conditions.none_of(\n  File \"C:\\Users\\123\\PycharmProjects\\Diplom\\Diplom_3\\venv\\lib\\site-packages\\selenium\\webdriver\\support\\wait.py\", line 105, in until\n    raise TimeoutException(message, screen, stacktrace)\n"}, "start": 1704910381596, "stop": 1704910397107}], "start": 1704910379529, "stop": 1704910397107}], "start": 1704910379529, "stop": 1704910397108}], "start": 1704910379529, "stop": 1704910397109, "uuid": "c6bcd033-d552-4bd4-a382-93162c72ad7e", "historyId": "cd04650ce339822367ca8a65a24d3021", "testCaseId": "cd04650ce339822367ca8a65a24d3021", "fullName": "tests.test_order_feed_page.TestOrderFeedPage#test_num_order_in_work", "labels": [{"name": "parentSuite", "value": "tests"}, {"name": "suite", "value": "test_order_feed_page"}, {"name": "subSuite", "value": "TestOrderFeedPage"}, {"name": "host", "value": "LAPTOP-588797DN"}, {"name": "thread", "value": "7484-MainThread"}, {"name": "framework", "value": "pytest"}, {"name": "language", "value": "cpython3"}, {"name": "package", "value": "tests.test_order_feed_page"}]}