{"name": "При создании нового заказа счётчик \"Выполнено за всё время\" увеличивается", "status": "broken", "statusDetails": {"message": "selenium.common.exceptions.TimeoutException: Message:", "trace": "self = <tests.test_order_feed_page.TestOrderFeedPage object at 0x000002C2A3652440>\ndriver = <selenium.webdriver.chrome.webdriver.WebDriver (session=\"f3842d0ebe9720bdb25be8b66d3eb462\")>\n\n    @allure.title('При создании нового заказа счётчик \"Выполнено за всё время\" увеличивается')\n    def test_rise_num_orders_all_time(self, driver):\n>       result = OrderFeedPage(driver).base_check_rise_num_orders_all_time()\n\ntests\\test_order_feed_page.py:18: \n_ _ _ _ _ _ _ _ _ _ _ _ _ _ _ _ _ _ _ _ _ _ _ _ _ _ _ _ _ _ _ _ _ _ _ _ _ _ _ _ _ _ _ _ _ _ _ _ _ _ _ _ _ _ _ _ _ _ _ _ _ _ _ _ _ _ _ _ _ _ _ _ _ _ _ _ _ _ _ _ _ _ _ _ _ _ _ _ _ \npages\\order_feed_page.py:235: in base_check_rise_num_orders_all_time\n    self.wait__element_number_orders()\npages\\order_feed_page.py:52: in wait__element_number_orders\n    return self.wait_element_(locator, text_value)\npages\\base_page.py:43: in wait_element_\n    return WebDriverWait(self.driver, 15).until(expected_conditions.none_of(\n_ _ _ _ _ _ _ _ _ _ _ _ _ _ _ _ _ _ _ _ _ _ _ _ _ _ _ _ _ _ _ _ _ _ _ _ _ _ _ _ _ _ _ _ _ _ _ _ _ _ _ _ _ _ _ _ _ _ _ _ _ _ _ _ _ _ _ _ _ _ _ _ _ _ _ _ _ _ _ _ _ _ _ _ _ _ _ _ _ \n\nself = <selenium.webdriver.support.wait.WebDriverWait (session=\"f3842d0ebe9720bdb25be8b66d3eb462\")>, method = <function none_of.<locals>.none_of_condition at 0x000002C2A3F548B0>\nmessage = ''\n\n    def until(self, method: Callable[[D], Union[Literal[False], T]], message: str = \"\") -> T:\n        \"\"\"Calls the method provided with the driver as an argument until the \\\n        return value does not evaluate to ``False``.\n    \n        :param method: callable(WebDriver)\n        :param message: optional message for :exc:`TimeoutException`\n        :returns: the result of the last call to `method`\n        :raises: :exc:`selenium.common.exceptions.TimeoutException` if timeout occurs\n        \"\"\"\n        screen = None\n        stacktrace = None\n    \n        end_time = time.monotonic() + self._timeout\n        while True:\n            try:\n                value = method(self._driver)\n                if value:\n                    return value\n            except self._ignored_exceptions as exc:\n                screen = getattr(exc, \"screen\", None)\n                stacktrace = getattr(exc, \"stacktrace\", None)\n            time.sleep(self._poll)\n            if time.monotonic() > end_time:\n                break\n>       raise TimeoutException(message, screen, stacktrace)\nE       selenium.common.exceptions.TimeoutException: Message:\n\nvenv\\lib\\site-packages\\selenium\\webdriver\\support\\wait.py:105: TimeoutException"}, "steps": [{"name": "Общие шаги: при создании нового заказа счётчик \"Выполнено за всё время\" увеличивается", "status": "broken", "statusDetails": {"message": "selenium.common.exceptions.TimeoutException: Message: \n\n", "trace": "  File \"C:\\Users\\123\\PycharmProjects\\Diplom\\Diplom_3\\venv\\lib\\site-packages\\allure_commons\\_allure.py\", line 192, in impl\n    return func(*a, **kw)\n  File \"C:\\Users\\123\\PycharmProjects\\Diplom\\Diplom_3\\pages\\order_feed_page.py\", line 235, in base_check_rise_num_orders_all_time\n    self.wait__element_number_orders()\n  File \"C:\\Users\\123\\PycharmProjects\\Diplom\\Diplom_3\\venv\\lib\\site-packages\\allure_commons\\_allure.py\", line 192, in impl\n    return func(*a, **kw)\n  File \"C:\\Users\\123\\PycharmProjects\\Diplom\\Diplom_3\\pages\\order_feed_page.py\", line 52, in wait__element_number_orders\n    return self.wait_element_(locator, text_value)\n  File \"C:\\Users\\123\\PycharmProjects\\Diplom\\Diplom_3\\pages\\base_page.py\", line 43, in wait_element_\n    return WebDriverWait(self.driver, 15).until(expected_conditions.none_of(\n  File \"C:\\Users\\123\\PycharmProjects\\Diplom\\Diplom_3\\venv\\lib\\site-packages\\selenium\\webdriver\\support\\wait.py\", line 105, in until\n    raise TimeoutException(message, screen, stacktrace)\n"}, "steps": [{"name": "Общие шаги: получение количества заказов \"Выполнено за всё время\"", "status": "passed", "steps": [{"name": "Общие шаги для авторизации", "status": "passed", "steps": [{"name": "Ожидаем кликабельность кнопки \"Войти в аккаунт\"", "status": "passed", "start": 1704914605577, "stop": 1704914605602}, {"name": "Нажимаем на кнопку \"Войти в аккаунт\" на главной странице", "status": "passed", "start": 1704914605602, "stop": 1704914605658}, {"name": "Нажимаем на поле \"Email\" на странице авторизации", "status": "passed", "start": 1704914605661, "stop": 1704914605709}, {"name": "Вводим email зарегистрированного пользователя на странице авторизации", "status": "passed", "start": 1704914605711, "stop": 1704914605773}, {"name": "Нажимаем на поле \"Пароль\" на странице авторизации", "status": "passed", "start": 1704914605773, "stop": 1704914605818}, {"name": "Вводим пароль зарегистрированного пользователя на странице авторизации", "status": "passed", "start": 1704914605818, "stop": 1704914605858}, {"name": "Ожидаем кнопку \"Войти\" на странице авторизации", "status": "passed", "start": 1704914605858, "stop": 1704914605875}, {"name": "Нажимаем на кнопку \"Войти\" на странице авторизации", "status": "passed", "start": 1704914605876, "stop": 1704914605921}], "start": 1704914605567, "stop": 1704914605924}, {"name": "Нажимаем на кнопку \"Лента Заказов\" на главной странице", "status": "passed", "start": 1704914605924, "stop": 1704914606307}, {"name": "Находим счетчик заказов \"Выполнено за все время\" на странице \"Лента Заказов\"", "status": "passed", "start": 1704914606861, "stop": 1704914606876}, {"name": "Получаем счетчик заказов \"Выполнено за все время\" на странице \"Лента Заказов\"", "status": "passed", "start": 1704914606876, "stop": 1704914606899}], "start": 1704914605567, "stop": 1704914606899}, {"name": "Ожидаем кликабельность логотипа на странице \"Лента Заказов\"", "status": "passed", "start": 1704914606899, "stop": 1704914606915}, {"name": "Находим логотип на странице \"Лента Заказов\"", "status": "passed", "start": 1704914606915, "stop": 1704914606920}, {"name": "Нажимаем на логотип \"Stellar Burgers\"", "status": "passed", "start": 1704914606920, "stop": 1704914606978}, {"name": "Перетаскиваем ингредиент в заказ", "status": "passed", "start": 1704914606978, "stop": 1704914607575}, {"name": "Нажимаем на кнопку \"Оформить заказ\"", "status": "passed", "start": 1704914607575, "stop": 1704914607624}, {"name": "Ожидание появления нового номера заказов", "status": "broken", "statusDetails": {"message": "selenium.common.exceptions.TimeoutException: Message: \n\n", "trace": "  File \"C:\\Users\\123\\PycharmProjects\\Diplom\\Diplom_3\\venv\\lib\\site-packages\\allure_commons\\_allure.py\", line 192, in impl\n    return func(*a, **kw)\n  File \"C:\\Users\\123\\PycharmProjects\\Diplom\\Diplom_3\\pages\\order_feed_page.py\", line 52, in wait__element_number_orders\n    return self.wait_element_(locator, text_value)\n  File \"C:\\Users\\123\\PycharmProjects\\Diplom\\Diplom_3\\pages\\base_page.py\", line 43, in wait_element_\n    return WebDriverWait(self.driver, 15).until(expected_conditions.none_of(\n  File \"C:\\Users\\123\\PycharmProjects\\Diplom\\Diplom_3\\venv\\lib\\site-packages\\selenium\\webdriver\\support\\wait.py\", line 105, in until\n    raise TimeoutException(message, screen, stacktrace)\n"}, "start": 1704914607626, "stop": 1704914623028}], "start": 1704914605567, "stop": 1704914623030}], "start": 1704914605567, "stop": 1704914623030, "uuid": "f1df7a0f-67fd-46ed-84bb-380598c8420c", "historyId": "6e1322f898bbd677da32b9365a99726f", "testCaseId": "6e1322f898bbd677da32b9365a99726f", "fullName": "tests.test_order_feed_page.TestOrderFeedPage#test_rise_num_orders_all_time", "labels": [{"name": "parentSuite", "value": "tests"}, {"name": "suite", "value": "test_order_feed_page"}, {"name": "subSuite", "value": "TestOrderFeedPage"}, {"name": "host", "value": "LAPTOP-588797DN"}, {"name": "thread", "value": "36352-MainThread"}, {"name": "framework", "value": "pytest"}, {"name": "language", "value": "cpython3"}, {"name": "package", "value": "tests.test_order_feed_page"}]}