{"name": "При создании нового заказа счётчик \"Выполнено за всё время\" увеличивается", "status": "broken", "statusDetails": {"message": "selenium.common.exceptions.TimeoutException: Message:", "trace": "self = <tests.test_order_feed_page.TestOrderFeedPage object at 0x000001F0D4F33FD0>\ndriver = <selenium.webdriver.chrome.webdriver.WebDriver (session=\"614c5e0124a285a5ce78ac06fa8bfbe8\")>\n\n    @allure.title('При создании нового заказа счётчик \"Выполнено за всё время\" увеличивается')\n    def test_rise_num_orders_all_time(self, driver):\n>       result = OrderFeedPage(driver).base_check_rise_num_orders_all_time()\n\ntests\\test_order_feed_page.py:18: \n_ _ _ _ _ _ _ _ _ _ _ _ _ _ _ _ _ _ _ _ _ _ _ _ _ _ _ _ _ _ _ _ _ _ _ _ _ _ _ _ _ _ _ _ _ _ _ _ _ _ _ _ _ _ _ _ _ _ _ _ _ _ _ _ _ _ _ _ _ _ _ _ _ _ _ _ _ _ _ _ _ _ _ _ _ _ _ _ _ \npages\\order_feed_page.py:239: in base_check_rise_num_orders_all_time\n    self.wait__element_number_orders()\npages\\order_feed_page.py:52: in wait__element_number_orders\n    return self.wait_element_(locator, text_value)\npages\\base_page.py:43: in wait_element_\n    return WebDriverWait(self.driver, 15).until(expected_conditions.none_of(\n_ _ _ _ _ _ _ _ _ _ _ _ _ _ _ _ _ _ _ _ _ _ _ _ _ _ _ _ _ _ _ _ _ _ _ _ _ _ _ _ _ _ _ _ _ _ _ _ _ _ _ _ _ _ _ _ _ _ _ _ _ _ _ _ _ _ _ _ _ _ _ _ _ _ _ _ _ _ _ _ _ _ _ _ _ _ _ _ _ \n\nself = <selenium.webdriver.support.wait.WebDriverWait (session=\"614c5e0124a285a5ce78ac06fa8bfbe8\")>, method = <function none_of.<locals>.none_of_condition at 0x000001F0D57BDF30>\nmessage = ''\n\n    def until(self, method: Callable[[D], Union[Literal[False], T]], message: str = \"\") -> T:\n        \"\"\"Calls the method provided with the driver as an argument until the \\\n        return value does not evaluate to ``False``.\n    \n        :param method: callable(WebDriver)\n        :param message: optional message for :exc:`TimeoutException`\n        :returns: the result of the last call to `method`\n        :raises: :exc:`selenium.common.exceptions.TimeoutException` if timeout occurs\n        \"\"\"\n        screen = None\n        stacktrace = None\n    \n        end_time = time.monotonic() + self._timeout\n        while True:\n            try:\n                value = method(self._driver)\n                if value:\n                    return value\n            except self._ignored_exceptions as exc:\n                screen = getattr(exc, \"screen\", None)\n                stacktrace = getattr(exc, \"stacktrace\", None)\n            time.sleep(self._poll)\n            if time.monotonic() > end_time:\n                break\n>       raise TimeoutException(message, screen, stacktrace)\nE       selenium.common.exceptions.TimeoutException: Message:\n\nvenv\\lib\\site-packages\\selenium\\webdriver\\support\\wait.py:105: TimeoutException"}, "steps": [{"name": "Общие шаги: при создании нового заказа счётчик \"Выполнено за всё время\" увеличивается", "status": "broken", "statusDetails": {"message": "selenium.common.exceptions.TimeoutException: Message: \n\n", "trace": "  File \"C:\\Users\\123\\PycharmProjects\\Diplom\\Diplom_3\\venv\\lib\\site-packages\\allure_commons\\_allure.py\", line 192, in impl\n    return func(*a, **kw)\n  File \"C:\\Users\\123\\PycharmProjects\\Diplom\\Diplom_3\\pages\\order_feed_page.py\", line 239, in base_check_rise_num_orders_all_time\n    self.wait__element_number_orders()\n  File \"C:\\Users\\123\\PycharmProjects\\Diplom\\Diplom_3\\venv\\lib\\site-packages\\allure_commons\\_allure.py\", line 192, in impl\n    return func(*a, **kw)\n  File \"C:\\Users\\123\\PycharmProjects\\Diplom\\Diplom_3\\pages\\order_feed_page.py\", line 52, in wait__element_number_orders\n    return self.wait_element_(locator, text_value)\n  File \"C:\\Users\\123\\PycharmProjects\\Diplom\\Diplom_3\\pages\\base_page.py\", line 43, in wait_element_\n    return WebDriverWait(self.driver, 15).until(expected_conditions.none_of(\n  File \"C:\\Users\\123\\PycharmProjects\\Diplom\\Diplom_3\\venv\\lib\\site-packages\\selenium\\webdriver\\support\\wait.py\", line 105, in until\n    raise TimeoutException(message, screen, stacktrace)\n"}, "steps": [{"name": "Общие шаги: получение количества заказов \"Выполнено за всё время\"", "status": "passed", "steps": [{"name": "Общие шаги для авторизации", "status": "passed", "steps": [{"name": "Ожидаем кликабельность кнопки \"Войти в аккаунт\"", "status": "passed", "start": 1704922041739, "stop": 1704922041772}, {"name": "Нажимаем на кнопку \"Войти в аккаунт\" на главной странице", "status": "passed", "start": 1704922041772, "stop": 1704922041920}, {"name": "Нажимаем на поле \"Email\" на странице авторизации", "status": "passed", "start": 1704922041923, "stop": 1704922041993}, {"name": "Вводим email зарегистрированного пользователя на странице авторизации", "status": "passed", "start": 1704922041993, "stop": 1704922042053}, {"name": "Нажимаем на поле \"Пароль\" на странице авторизации", "status": "passed", "start": 1704922042053, "stop": 1704922042095}, {"name": "Вводим пароль зарегистрированного пользователя на странице авторизации", "status": "passed", "start": 1704922042095, "stop": 1704922042134}, {"name": "Ожидаем кнопку \"Войти\" на странице авторизации", "status": "passed", "start": 1704922042134, "stop": 1704922042151}, {"name": "Нажимаем на кнопку \"Войти\" на странице авторизации", "status": "passed", "start": 1704922042151, "stop": 1704922042187}], "start": 1704922041737, "stop": 1704922042190}, {"name": "Нажимаем на кнопку \"Лента Заказов\" на главной странице", "status": "passed", "start": 1704922042190, "stop": 1704922042508}, {"name": "Находим счетчик заказов \"Выполнено за все время\" на странице \"Лента Заказов\"", "status": "passed", "start": 1704922043065, "stop": 1704922043082}, {"name": "Получаем счетчик заказов \"Выполнено за все время\" на странице \"Лента Заказов\"", "status": "passed", "start": 1704922043082, "stop": 1704922043104}], "start": 1704922041737, "stop": 1704922043104}, {"name": "Ожидаем кликабельность логотипа на странице \"Лента Заказов\"", "status": "passed", "start": 1704922043104, "stop": 1704922043120}, {"name": "Находим логотип на странице \"Лента Заказов\"", "status": "passed", "start": 1704922043120, "stop": 1704922043125}, {"name": "Нажимаем на логотип \"Stellar Burgers\"", "status": "passed", "start": 1704922043125, "stop": 1704922043180}, {"name": "Перетаскиваем ингредиент в заказ", "status": "passed", "start": 1704922043180, "stop": 1704922043774}, {"name": "Ожидаем нахождение кнопки \"Оформить заказ\"", "status": "passed", "start": 1704922043774, "stop": 1704922043792}, {"name": "Находим кнопку \"Оформить заказ\"", "status": "passed", "start": 1704922043792, "stop": 1704922043798}, {"name": "Нажимаем на кнопку \"Оформить заказ\"", "status": "passed", "start": 1704922043798, "stop": 1704922043837}, {"name": "Ожидание появления нового номера заказов", "status": "broken", "statusDetails": {"message": "selenium.common.exceptions.TimeoutException: Message: \n\n", "trace": "  File \"C:\\Users\\123\\PycharmProjects\\Diplom\\Diplom_3\\venv\\lib\\site-packages\\allure_commons\\_allure.py\", line 192, in impl\n    return func(*a, **kw)\n  File \"C:\\Users\\123\\PycharmProjects\\Diplom\\Diplom_3\\pages\\order_feed_page.py\", line 52, in wait__element_number_orders\n    return self.wait_element_(locator, text_value)\n  File \"C:\\Users\\123\\PycharmProjects\\Diplom\\Diplom_3\\pages\\base_page.py\", line 43, in wait_element_\n    return WebDriverWait(self.driver, 15).until(expected_conditions.none_of(\n  File \"C:\\Users\\123\\PycharmProjects\\Diplom\\Diplom_3\\venv\\lib\\site-packages\\selenium\\webdriver\\support\\wait.py\", line 105, in until\n    raise TimeoutException(message, screen, stacktrace)\n"}, "start": 1704922043839, "stop": 1704922059303}], "start": 1704922041736, "stop": 1704922059306}], "start": 1704922041736, "stop": 1704922059307, "uuid": "20bb2e60-d42e-4bee-b251-ac7ba34b7631", "historyId": "6e1322f898bbd677da32b9365a99726f", "testCaseId": "6e1322f898bbd677da32b9365a99726f", "fullName": "tests.test_order_feed_page.TestOrderFeedPage#test_rise_num_orders_all_time", "labels": [{"name": "parentSuite", "value": "tests"}, {"name": "suite", "value": "test_order_feed_page"}, {"name": "subSuite", "value": "TestOrderFeedPage"}, {"name": "host", "value": "LAPTOP-588797DN"}, {"name": "thread", "value": "8528-MainThread"}, {"name": "framework", "value": "pytest"}, {"name": "language", "value": "cpython3"}, {"name": "package", "value": "tests.test_order_feed_page"}]}