{"name": "Переход по клику на \"Личный кабинет\"", "status": "broken", "statusDetails": {"message": "selenium.common.exceptions.ElementClickInterceptedException: Message: element click intercepted: Element <p class=\"AppHeader_header__linkText__3q_va ml-2\">...</p> is not clickable at point (948, 44). Other element would receive the click: <div class=\"Modal_modal_overlay__x2ZCr\"></div>\n  (Session info: chrome=120.0.6099.200)\nStacktrace:\n\tGetHandleVerifier [0x00007FF6065D2142+3514994]\n\t(No symbol) [0x00007FF6061F0CE2]\n\t(No symbol) [0x00007FF6060976AA]\n\t(No symbol) [0x00007FF6060E88F3]\n\t(No symbol) [0x00007FF6060E68ED]\n\t(No symbol) [0x00007FF6060E40EC]\n\t(No symbol) [0x00007FF6060E2EA5]\n\t(No symbol) [0x00007FF6060D6A0F]\n\t(No symbol) [0x00007FF606105FEA]\n\t(No symbol) [0x00007FF6060D63B6]\n\t(No symbol) [0x00007FF606106490]\n\t(No symbol) [0x00007FF6061228F6]\n\t(No symbol) [0x00007FF606105D93]\n\t(No symbol) [0x00007FF6060D4BDC]\n\t(No symbol) [0x00007FF6060D5C64]\n\tGetHandleVerifier [0x00007FF6065FE16B+3695259]\n\tGetHandleVerifier [0x00007FF606656737+4057191]\n\tGetHandleVerifier [0x00007FF60664E4E3+4023827]\n\tGetHandleVerifier [0x00007FF6063204F9+689705]\n\t(No symbol) [0x00007FF6061FC048]\n\t(No symbol) [0x00007FF6061F8044]\n\t(No symbol) [0x00007FF6061F81C9]\n\t(No symbol) [0x00007FF6061E88C4]\n\tBaseThreadInitThunk [0x00007FFEDB54257D+29]\n\tRtlUserThreadStart [0x00007FFEDBFAAA58+40]", "trace": "self = <tests.test_profile_page.TestProfilePage object at 0x000001F0D4F01EA0>\ndriver = <selenium.webdriver.chrome.webdriver.WebDriver (session=\"043c27ea3c594356b94b19ff62e732b7\")>\n\n    @allure.title('Переход по клику на \"Личный кабинет\"')\n    @allure.description('При нажатии на кнопку \"Личный кабинет\", происходит переход на страницу профиля')\n    def test_profile(self, driver):\n>       assert ProfilePage(driver).base_check_profile() == URL_ACCOUNT_PROFILE\n\ntests\\test_profile_page.py:10: \n_ _ _ _ _ _ _ _ _ _ _ _ _ _ _ _ _ _ _ _ _ _ _ _ _ _ _ _ _ _ _ _ _ _ _ _ _ _ _ _ _ _ _ _ _ _ _ _ _ _ _ _ _ _ _ _ _ _ _ _ _ _ _ _ _ _ _ _ _ _ _ _ _ _ _ _ _ _ _ _ _ _ _ _ _ _ _ _ _ \npages\\profile_page.py:55: in base_check_profile\n    HomePage.click_button_account(self)\npages\\home_page.py:31: in click_button_account\n    return self.click_to_element(locator)\npages\\base_page.py:22: in click_to_element\n    self.driver.find_element(*locator).click()\nvenv\\lib\\site-packages\\selenium\\webdriver\\remote\\webelement.py:94: in click\n    self._execute(Command.CLICK_ELEMENT)\nvenv\\lib\\site-packages\\selenium\\webdriver\\remote\\webelement.py:395: in _execute\n    return self._parent.execute(command, params)\nvenv\\lib\\site-packages\\selenium\\webdriver\\remote\\webdriver.py:348: in execute\n    self.error_handler.check_response(response)\n_ _ _ _ _ _ _ _ _ _ _ _ _ _ _ _ _ _ _ _ _ _ _ _ _ _ _ _ _ _ _ _ _ _ _ _ _ _ _ _ _ _ _ _ _ _ _ _ _ _ _ _ _ _ _ _ _ _ _ _ _ _ _ _ _ _ _ _ _ _ _ _ _ _ _ _ _ _ _ _ _ _ _ _ _ _ _ _ _ \n\nself = <selenium.webdriver.remote.errorhandler.ErrorHandler object at 0x000001F0D57E50C0>\nresponse = {'status': 400, 'value': '{\"value\":{\"error\":\"element click intercepted\",\"message\":\"element click intercepted: Element ...07FF6061E88C4]\\\\n\\\\tBaseThreadInitThunk [0x00007FFEDB54257D+29]\\\\n\\\\tRtlUserThreadStart [0x00007FFEDBFAAA58+40]\\\\n\"}}'}\n\n    def check_response(self, response: Dict[str, Any]) -> None:\n        \"\"\"Checks that a JSON response from the WebDriver does not have an\n        error.\n    \n        :Args:\n         - response - The JSON response from the WebDriver server as a dictionary\n           object.\n    \n        :Raises: If the response contains an error message.\n        \"\"\"\n        status = response.get(\"status\", None)\n        if not status or status == ErrorCode.SUCCESS:\n            return\n        value = None\n        message = response.get(\"message\", \"\")\n        screen: str = response.get(\"screen\", \"\")\n        stacktrace = None\n        if isinstance(status, int):\n            value_json = response.get(\"value\", None)\n            if value_json and isinstance(value_json, str):\n                import json\n    \n                try:\n                    value = json.loads(value_json)\n                    if len(value) == 1:\n                        value = value[\"value\"]\n                    status = value.get(\"error\", None)\n                    if not status:\n                        status = value.get(\"status\", ErrorCode.UNKNOWN_ERROR)\n                        message = value.get(\"value\") or value.get(\"message\")\n                        if not isinstance(message, str):\n                            value = message\n                            message = message.get(\"message\")\n                    else:\n                        message = value.get(\"message\", None)\n                except ValueError:\n                    pass\n    \n        exception_class: Type[WebDriverException]\n        e = ErrorCode()\n        error_codes = [item for item in dir(e) if not item.startswith(\"__\")]\n        for error_code in error_codes:\n            error_info = getattr(ErrorCode, error_code)\n            if isinstance(error_info, list) and status in error_info:\n                exception_class = getattr(ExceptionMapping, error_code, WebDriverException)\n                break\n        else:\n            exception_class = WebDriverException\n    \n        if not value:\n            value = response[\"value\"]\n        if isinstance(value, str):\n            raise exception_class(value)\n        if message == \"\" and \"message\" in value:\n            message = value[\"message\"]\n    \n        screen = None  # type: ignore[assignment]\n        if \"screen\" in value:\n            screen = value[\"screen\"]\n    \n        stacktrace = None\n        st_value = value.get(\"stackTrace\") or value.get(\"stacktrace\")\n        if st_value:\n            if isinstance(st_value, str):\n                stacktrace = st_value.split(\"\\n\")\n            else:\n                stacktrace = []\n                try:\n                    for frame in st_value:\n                        line = frame.get(\"lineNumber\", \"\")\n                        file = frame.get(\"fileName\", \"<anonymous>\")\n                        if line:\n                            file = f\"{file}:{line}\"\n                        meth = frame.get(\"methodName\", \"<anonymous>\")\n                        if \"className\" in frame:\n                            meth = f\"{frame['className']}.{meth}\"\n                        msg = \"    at %s (%s)\"\n                        msg = msg % (meth, file)\n                        stacktrace.append(msg)\n                except TypeError:\n                    pass\n        if exception_class == UnexpectedAlertPresentException:\n            alert_text = None\n            if \"data\" in value:\n                alert_text = value[\"data\"].get(\"text\")\n            elif \"alert\" in value:\n                alert_text = value[\"alert\"].get(\"text\")\n            raise exception_class(message, screen, stacktrace, alert_text)  # type: ignore[call-arg]  # mypy is not smart enough here\n>       raise exception_class(message, screen, stacktrace)\nE       selenium.common.exceptions.ElementClickInterceptedException: Message: element click intercepted: Element <p class=\"AppHeader_header__linkText__3q_va ml-2\">...</p> is not clickable at point (948, 44). Other element would receive the click: <div class=\"Modal_modal_overlay__x2ZCr\"></div>\nE         (Session info: chrome=120.0.6099.200)\nE       Stacktrace:\nE       \tGetHandleVerifier [0x00007FF6065D2142+3514994]\nE       \t(No symbol) [0x00007FF6061F0CE2]\nE       \t(No symbol) [0x00007FF6060976AA]\nE       \t(No symbol) [0x00007FF6060E88F3]\nE       \t(No symbol) [0x00007FF6060E68ED]\nE       \t(No symbol) [0x00007FF6060E40EC]\nE       \t(No symbol) [0x00007FF6060E2EA5]\nE       \t(No symbol) [0x00007FF6060D6A0F]\nE       \t(No symbol) [0x00007FF606105FEA]\nE       \t(No symbol) [0x00007FF6060D63B6]\nE       \t(No symbol) [0x00007FF606106490]\nE       \t(No symbol) [0x00007FF6061228F6]\nE       \t(No symbol) [0x00007FF606105D93]\nE       \t(No symbol) [0x00007FF6060D4BDC]\nE       \t(No symbol) [0x00007FF6060D5C64]\nE       \tGetHandleVerifier [0x00007FF6065FE16B+3695259]\nE       \tGetHandleVerifier [0x00007FF606656737+4057191]\nE       \tGetHandleVerifier [0x00007FF60664E4E3+4023827]\nE       \tGetHandleVerifier [0x00007FF6063204F9+689705]\nE       \t(No symbol) [0x00007FF6061FC048]\nE       \t(No symbol) [0x00007FF6061F8044]\nE       \t(No symbol) [0x00007FF6061F81C9]\nE       \t(No symbol) [0x00007FF6061E88C4]\nE       \tBaseThreadInitThunk [0x00007FFEDB54257D+29]\nE       \tRtlUserThreadStart [0x00007FFEDBFAAA58+40]\n\nvenv\\lib\\site-packages\\selenium\\webdriver\\remote\\errorhandler.py:229: ElementClickInterceptedException"}, "description": "При нажатии на кнопку \"Личный кабинет\", происходит переход на страницу профиля", "steps": [{"name": "Общие шаги для перехода в \"Личный кабинет\"", "status": "broken", "statusDetails": {"message": "selenium.common.exceptions.ElementClickInterceptedException: Message: element click intercepted: Element <p class=\"AppHeader_header__linkText__3q_va ml-2\">...</p> is not clickable at point (948, 44). Other element would receive the click: <div class=\"Modal_modal_overlay__x2ZCr\"></div>\n  (Session info: chrome=120.0.6099.200)\nStacktrace:\n\tGetHandleVerifier [0x00007FF6065D2142+3514994]\n\t(No symbol) [0x00007FF6061F0CE2]\n\t(No symbol) [0x00007FF6060976AA]\n\t(No symbol) [0x00007FF6060E88F3]\n\t(No symbol) [0x00007FF6060E68ED]\n\t(No symbol) [0x00007FF6060E40EC]\n\t(No symbol) [0x00007FF6060E2EA5]\n\t(No symbol) [0x00007FF6060D6A0F]\n\t(No symbol) [0x00007FF606105FEA]\n\t(No symbol) [0x00007FF6060D63B6]\n\t(No symbol) [0x00007FF606106490]\n\t(No symbol) [0x00007FF6061228F6]\n\t(No symbol) [0x00007FF606105D93]\n\t(No symbol) [0x00007FF6060D4BDC]\n\t(No symbol) [0x00007FF6060D5C64]\n\tGetHandleVerifier [0x00007FF6065FE16B+3695259]\n\tGetHandleVerifier [0x00007FF606656737+4057191]\n\tGetHandleVerifier [0x00007FF60664E4E3+4023827]\n\tGetHandleVerifier [0x00007FF6063204F9+689705]\n\t(No symbol) [0x00007FF6061FC048]\n\t(No symbol) [0x00007FF6061F8044]\n\t(No symbol) [0x00007FF6061F81C9]\n\t(No symbol) [0x00007FF6061E88C4]\n\tBaseThreadInitThunk [0x00007FFEDB54257D+29]\n\tRtlUserThreadStart [0x00007FFEDBFAAA58+40]\n\n", "trace": "  File \"C:\\Users\\123\\PycharmProjects\\Diplom\\Diplom_3\\venv\\lib\\site-packages\\allure_commons\\_allure.py\", line 192, in impl\n    return func(*a, **kw)\n  File \"C:\\Users\\123\\PycharmProjects\\Diplom\\Diplom_3\\pages\\profile_page.py\", line 55, in base_check_profile\n    HomePage.click_button_account(self)\n  File \"C:\\Users\\123\\PycharmProjects\\Diplom\\Diplom_3\\venv\\lib\\site-packages\\allure_commons\\_allure.py\", line 192, in impl\n    return func(*a, **kw)\n  File \"C:\\Users\\123\\PycharmProjects\\Diplom\\Diplom_3\\pages\\home_page.py\", line 31, in click_button_account\n    return self.click_to_element(locator)\n  File \"C:\\Users\\123\\PycharmProjects\\Diplom\\Diplom_3\\pages\\base_page.py\", line 22, in click_to_element\n    self.driver.find_element(*locator).click()\n  File \"C:\\Users\\123\\PycharmProjects\\Diplom\\Diplom_3\\venv\\lib\\site-packages\\selenium\\webdriver\\remote\\webelement.py\", line 94, in click\n    self._execute(Command.CLICK_ELEMENT)\n  File \"C:\\Users\\123\\PycharmProjects\\Diplom\\Diplom_3\\venv\\lib\\site-packages\\selenium\\webdriver\\remote\\webelement.py\", line 395, in _execute\n    return self._parent.execute(command, params)\n  File \"C:\\Users\\123\\PycharmProjects\\Diplom\\Diplom_3\\venv\\lib\\site-packages\\selenium\\webdriver\\remote\\webdriver.py\", line 348, in execute\n    self.error_handler.check_response(response)\n  File \"C:\\Users\\123\\PycharmProjects\\Diplom\\Diplom_3\\venv\\lib\\site-packages\\selenium\\webdriver\\remote\\errorhandler.py\", line 229, in check_response\n    raise exception_class(message, screen, stacktrace)\n"}, "steps": [{"name": "Общие шаги для авторизации", "status": "passed", "steps": [{"name": "Ожидаем кликабельность кнопки \"Войти в аккаунт\"", "status": "passed", "start": 1704922121692, "stop": 1704922121722}, {"name": "Нажимаем на кнопку \"Войти в аккаунт\" на главной странице", "status": "passed", "start": 1704922121722, "stop": 1704922121854}, {"name": "Нажимаем на поле \"Email\" на странице авторизации", "status": "passed", "start": 1704922121859, "stop": 1704922121929}, {"name": "Вводим email зарегистрированного пользователя на странице авторизации", "status": "passed", "start": 1704922121929, "stop": 1704922121990}, {"name": "Нажимаем на поле \"Пароль\" на странице авторизации", "status": "passed", "start": 1704922121990, "stop": 1704922122040}, {"name": "Вводим пароль зарегистрированного пользователя на странице авторизации", "status": "passed", "start": 1704922122040, "stop": 1704922122081}, {"name": "Ожидаем кнопку \"Войти\" на странице авторизации", "status": "passed", "start": 1704922122081, "stop": 1704922122098}, {"name": "Нажимаем на кнопку \"Войти\" на странице авторизации", "status": "passed", "start": 1704922122098, "stop": 1704922122135}], "start": 1704922121688, "stop": 1704922122138}, {"name": "Нажимаем на кнопку \"Личный кабинет\" на главной странице", "status": "broken", "statusDetails": {"message": "selenium.common.exceptions.ElementClickInterceptedException: Message: element click intercepted: Element <p class=\"AppHeader_header__linkText__3q_va ml-2\">...</p> is not clickable at point (948, 44). Other element would receive the click: <div class=\"Modal_modal_overlay__x2ZCr\"></div>\n  (Session info: chrome=120.0.6099.200)\nStacktrace:\n\tGetHandleVerifier [0x00007FF6065D2142+3514994]\n\t(No symbol) [0x00007FF6061F0CE2]\n\t(No symbol) [0x00007FF6060976AA]\n\t(No symbol) [0x00007FF6060E88F3]\n\t(No symbol) [0x00007FF6060E68ED]\n\t(No symbol) [0x00007FF6060E40EC]\n\t(No symbol) [0x00007FF6060E2EA5]\n\t(No symbol) [0x00007FF6060D6A0F]\n\t(No symbol) [0x00007FF606105FEA]\n\t(No symbol) [0x00007FF6060D63B6]\n\t(No symbol) [0x00007FF606106490]\n\t(No symbol) [0x00007FF6061228F6]\n\t(No symbol) [0x00007FF606105D93]\n\t(No symbol) [0x00007FF6060D4BDC]\n\t(No symbol) [0x00007FF6060D5C64]\n\tGetHandleVerifier [0x00007FF6065FE16B+3695259]\n\tGetHandleVerifier [0x00007FF606656737+4057191]\n\tGetHandleVerifier [0x00007FF60664E4E3+4023827]\n\tGetHandleVerifier [0x00007FF6063204F9+689705]\n\t(No symbol) [0x00007FF6061FC048]\n\t(No symbol) [0x00007FF6061F8044]\n\t(No symbol) [0x00007FF6061F81C9]\n\t(No symbol) [0x00007FF6061E88C4]\n\tBaseThreadInitThunk [0x00007FFEDB54257D+29]\n\tRtlUserThreadStart [0x00007FFEDBFAAA58+40]\n\n", "trace": "  File \"C:\\Users\\123\\PycharmProjects\\Diplom\\Diplom_3\\venv\\lib\\site-packages\\allure_commons\\_allure.py\", line 192, in impl\n    return func(*a, **kw)\n  File \"C:\\Users\\123\\PycharmProjects\\Diplom\\Diplom_3\\pages\\home_page.py\", line 31, in click_button_account\n    return self.click_to_element(locator)\n  File \"C:\\Users\\123\\PycharmProjects\\Diplom\\Diplom_3\\pages\\base_page.py\", line 22, in click_to_element\n    self.driver.find_element(*locator).click()\n  File \"C:\\Users\\123\\PycharmProjects\\Diplom\\Diplom_3\\venv\\lib\\site-packages\\selenium\\webdriver\\remote\\webelement.py\", line 94, in click\n    self._execute(Command.CLICK_ELEMENT)\n  File \"C:\\Users\\123\\PycharmProjects\\Diplom\\Diplom_3\\venv\\lib\\site-packages\\selenium\\webdriver\\remote\\webelement.py\", line 395, in _execute\n    return self._parent.execute(command, params)\n  File \"C:\\Users\\123\\PycharmProjects\\Diplom\\Diplom_3\\venv\\lib\\site-packages\\selenium\\webdriver\\remote\\webdriver.py\", line 348, in execute\n    self.error_handler.check_response(response)\n  File \"C:\\Users\\123\\PycharmProjects\\Diplom\\Diplom_3\\venv\\lib\\site-packages\\selenium\\webdriver\\remote\\errorhandler.py\", line 229, in check_response\n    raise exception_class(message, screen, stacktrace)\n"}, "start": 1704922122138, "stop": 1704922123240}], "start": 1704922121688, "stop": 1704922123272}], "start": 1704922121688, "stop": 1704922123277, "uuid": "19cbb62b-5227-40f1-b5d8-78ac94cf80f3", "historyId": "dc7f8dd7c8c6ac3739b5a357852c0695", "testCaseId": "dc7f8dd7c8c6ac3739b5a357852c0695", "fullName": "tests.test_profile_page.TestProfilePage#test_profile", "labels": [{"name": "parentSuite", "value": "tests"}, {"name": "suite", "value": "test_profile_page"}, {"name": "subSuite", "value": "TestProfilePage"}, {"name": "host", "value": "LAPTOP-588797DN"}, {"name": "thread", "value": "8528-MainThread"}, {"name": "framework", "value": "pytest"}, {"name": "language", "value": "cpython3"}, {"name": "package", "value": "tests.test_profile_page"}]}