{"name": "При создании нового заказа счётчик \"Выполнено за всё время\" увеличивается", "status": "broken", "statusDetails": {"message": "selenium.common.exceptions.TimeoutException: Message:", "trace": "self = <tests.test_order_feed_page.TestOrderFeedPage object at 0x000002342F337FA0>\ndriver = <selenium.webdriver.chrome.webdriver.WebDriver (session=\"e491e138d7a6185701dbddce8dabbb4d\")>\n\n    @allure.title('При создании нового заказа счётчик \"Выполнено за всё время\" увеличивается')\n    def test_rise_num_orders_all_time(self, driver):\n>       result = OrderFeedPage(driver).base_check_rise_num_orders_all_time()\n\ntests\\test_order_feed_page.py:18: \n_ _ _ _ _ _ _ _ _ _ _ _ _ _ _ _ _ _ _ _ _ _ _ _ _ _ _ _ _ _ _ _ _ _ _ _ _ _ _ _ _ _ _ _ _ _ _ _ _ _ _ _ _ _ _ _ _ _ _ _ _ _ _ _ _ _ _ _ _ _ _ _ _ _ _ _ _ _ _ _ _ _ _ _ _ _ _ _ _ \npages\\order_feed_page.py:240: in base_check_rise_num_orders_all_time\n    self.wait__element_number_orders()\npages\\order_feed_page.py:53: in wait__element_number_orders\n    return self.wait_element_(locator, text_value)\npages\\base_page.py:43: in wait_element_\n    return WebDriverWait(self.driver, 15).until(expected_conditions.none_of(\n_ _ _ _ _ _ _ _ _ _ _ _ _ _ _ _ _ _ _ _ _ _ _ _ _ _ _ _ _ _ _ _ _ _ _ _ _ _ _ _ _ _ _ _ _ _ _ _ _ _ _ _ _ _ _ _ _ _ _ _ _ _ _ _ _ _ _ _ _ _ _ _ _ _ _ _ _ _ _ _ _ _ _ _ _ _ _ _ _ \n\nself = <selenium.webdriver.support.wait.WebDriverWait (session=\"e491e138d7a6185701dbddce8dabbb4d\")>, method = <function none_of.<locals>.none_of_condition at 0x000002342FCE8310>\nmessage = ''\n\n    def until(self, method: Callable[[D], Union[Literal[False], T]], message: str = \"\") -> T:\n        \"\"\"Calls the method provided with the driver as an argument until the \\\n        return value does not evaluate to ``False``.\n    \n        :param method: callable(WebDriver)\n        :param message: optional message for :exc:`TimeoutException`\n        :returns: the result of the last call to `method`\n        :raises: :exc:`selenium.common.exceptions.TimeoutException` if timeout occurs\n        \"\"\"\n        screen = None\n        stacktrace = None\n    \n        end_time = time.monotonic() + self._timeout\n        while True:\n            try:\n                value = method(self._driver)\n                if value:\n                    return value\n            except self._ignored_exceptions as exc:\n                screen = getattr(exc, \"screen\", None)\n                stacktrace = getattr(exc, \"stacktrace\", None)\n            time.sleep(self._poll)\n            if time.monotonic() > end_time:\n                break\n>       raise TimeoutException(message, screen, stacktrace)\nE       selenium.common.exceptions.TimeoutException: Message:\n\nvenv\\lib\\site-packages\\selenium\\webdriver\\support\\wait.py:105: TimeoutException"}, "steps": [{"name": "Общие шаги: при создании нового заказа счётчик \"Выполнено за всё время\" увеличивается", "status": "broken", "statusDetails": {"message": "selenium.common.exceptions.TimeoutException: Message: \n\n", "trace": "  File \"C:\\Users\\123\\PycharmProjects\\Diplom\\Diplom_3\\venv\\lib\\site-packages\\allure_commons\\_allure.py\", line 192, in impl\n    return func(*a, **kw)\n  File \"C:\\Users\\123\\PycharmProjects\\Diplom\\Diplom_3\\pages\\order_feed_page.py\", line 240, in base_check_rise_num_orders_all_time\n    self.wait__element_number_orders()\n  File \"C:\\Users\\123\\PycharmProjects\\Diplom\\Diplom_3\\venv\\lib\\site-packages\\allure_commons\\_allure.py\", line 192, in impl\n    return func(*a, **kw)\n  File \"C:\\Users\\123\\PycharmProjects\\Diplom\\Diplom_3\\pages\\order_feed_page.py\", line 53, in wait__element_number_orders\n    return self.wait_element_(locator, text_value)\n  File \"C:\\Users\\123\\PycharmProjects\\Diplom\\Diplom_3\\pages\\base_page.py\", line 43, in wait_element_\n    return WebDriverWait(self.driver, 15).until(expected_conditions.none_of(\n  File \"C:\\Users\\123\\PycharmProjects\\Diplom\\Diplom_3\\venv\\lib\\site-packages\\selenium\\webdriver\\support\\wait.py\", line 105, in until\n    raise TimeoutException(message, screen, stacktrace)\n"}, "steps": [{"name": "Общие шаги: получение количества заказов \"Выполнено за всё время\"", "status": "passed", "steps": [{"name": "Общие шаги для авторизации", "status": "passed", "steps": [{"name": "Ожидаем кликабельность кнопки \"Войти в аккаунт\"", "status": "passed", "start": 1704921748196, "stop": 1704921748228}, {"name": "Нажимаем на кнопку \"Войти в аккаунт\" на главной странице", "status": "passed", "start": 1704921748228, "stop": 1704921748358}, {"name": "Нажимаем на поле \"Email\" на странице авторизации", "status": "passed", "start": 1704921748361, "stop": 1704921748413}, {"name": "Вводим email зарегистрированного пользователя на странице авторизации", "status": "passed", "start": 1704921748414, "stop": 1704921748475}, {"name": "Нажимаем на поле \"Пароль\" на странице авторизации", "status": "passed", "start": 1704921748475, "stop": 1704921748528}, {"name": "Вводим пароль зарегистрированного пользователя на странице авторизации", "status": "passed", "start": 1704921748528, "stop": 1704921748565}, {"name": "Ожидаем кнопку \"Войти\" на странице авторизации", "status": "passed", "start": 1704921748565, "stop": 1704921748585}, {"name": "Нажимаем на кнопку \"Войти\" на странице авторизации", "status": "passed", "start": 1704921748585, "stop": 1704921748623}], "start": 1704921748193, "stop": 1704921748626}, {"name": "Нажимаем на кнопку \"Лента Заказов\" на главной странице", "status": "passed", "start": 1704921748626, "stop": 1704921748980}, {"name": "Находим счетчик заказов \"Выполнено за все время\" на странице \"Лента Заказов\"", "status": "passed", "start": 1704921749528, "stop": 1704921749552}, {"name": "Получаем счетчик заказов \"Выполнено за все время\" на странице \"Лента Заказов\"", "status": "passed", "start": 1704921749552, "stop": 1704921749575}], "start": 1704921748193, "stop": 1704921749575}, {"name": "Ожидаем кликабельность логотипа на странице \"Лента Заказов\"", "status": "passed", "start": 1704921749575, "stop": 1704921749591}, {"name": "Находим логотип на странице \"Лента Заказов\"", "status": "passed", "start": 1704921749591, "stop": 1704921749596}, {"name": "Нажимаем на логотип \"Stellar Burgers\"", "status": "passed", "start": 1704921749596, "stop": 1704921749651}, {"name": "Перетаскиваем ингредиент в заказ", "status": "passed", "start": 1704921749651, "stop": 1704921750263}, {"name": "Ожидаем нахождение кнопки \"Оформить заказ\"", "status": "passed", "start": 1704921750263, "stop": 1704921750282}, {"name": "Находим кнопку \"Оформить заказ\"", "status": "passed", "start": 1704921750283, "stop": 1704921750290}, {"name": "Нажимаем на кнопку \"Оформить заказ\"", "status": "passed", "start": 1704921750290, "stop": 1704921750330}, {"name": "Ожидание появления нового номера заказов", "status": "broken", "statusDetails": {"message": "selenium.common.exceptions.TimeoutException: Message: \n\n", "trace": "  File \"C:\\Users\\123\\PycharmProjects\\Diplom\\Diplom_3\\venv\\lib\\site-packages\\allure_commons\\_allure.py\", line 192, in impl\n    return func(*a, **kw)\n  File \"C:\\Users\\123\\PycharmProjects\\Diplom\\Diplom_3\\pages\\order_feed_page.py\", line 53, in wait__element_number_orders\n    return self.wait_element_(locator, text_value)\n  File \"C:\\Users\\123\\PycharmProjects\\Diplom\\Diplom_3\\pages\\base_page.py\", line 43, in wait_element_\n    return WebDriverWait(self.driver, 15).until(expected_conditions.none_of(\n  File \"C:\\Users\\123\\PycharmProjects\\Diplom\\Diplom_3\\venv\\lib\\site-packages\\selenium\\webdriver\\support\\wait.py\", line 105, in until\n    raise TimeoutException(message, screen, stacktrace)\n"}, "start": 1704921750332, "stop": 1704921765830}], "start": 1704921748193, "stop": 1704921765830}], "start": 1704921748193, "stop": 1704921765831, "uuid": "7f283a50-b0cb-4c9f-a83d-800c6c311f9f", "historyId": "6e1322f898bbd677da32b9365a99726f", "testCaseId": "6e1322f898bbd677da32b9365a99726f", "fullName": "tests.test_order_feed_page.TestOrderFeedPage#test_rise_num_orders_all_time", "labels": [{"name": "parentSuite", "value": "tests"}, {"name": "suite", "value": "test_order_feed_page"}, {"name": "subSuite", "value": "TestOrderFeedPage"}, {"name": "host", "value": "LAPTOP-588797DN"}, {"name": "thread", "value": "11992-MainThread"}, {"name": "framework", "value": "pytest"}, {"name": "language", "value": "cpython3"}, {"name": "package", "value": "tests.test_order_feed_page"}]}