{"name": "При создании нового заказа счётчик \"Выполнено за всё время\" увеличивается", "status": "broken", "statusDetails": {"message": "selenium.common.exceptions.TimeoutException: Message:", "trace": "self = <tests.test_order_feed_page.TestOrderFeedPage object at 0x000001278D2A4130>\ndriver = <selenium.webdriver.chrome.webdriver.WebDriver (session=\"ef9b6c8e1a5530bc41fa3119d0ec872d\")>\n\n    @allure.title('При создании нового заказа счётчик \"Выполнено за всё время\" увеличивается')\n    def test_rise_num_orders_all_time(self, driver):\n>       result = OrderFeedPage(driver).base_check_rise_num_orders_all_time()\n\ntests\\test_order_feed_page.py:18: \n_ _ _ _ _ _ _ _ _ _ _ _ _ _ _ _ _ _ _ _ _ _ _ _ _ _ _ _ _ _ _ _ _ _ _ _ _ _ _ _ _ _ _ _ _ _ _ _ _ _ _ _ _ _ _ _ _ _ _ _ _ _ _ _ _ _ _ _ _ _ _ _ _ _ _ _ _ _ _ _ _ _ _ _ _ _ _ _ _ \npages\\order_feed_page.py:238: in base_check_rise_num_orders_all_time\n    self.wait__element_number_orders()\npages\\order_feed_page.py:53: in wait__element_number_orders\n    return self.wait_element_(locator, text_value)\npages\\base_page.py:43: in wait_element_\n    return WebDriverWait(self.driver, 15).until(expected_conditions.none_of(\n_ _ _ _ _ _ _ _ _ _ _ _ _ _ _ _ _ _ _ _ _ _ _ _ _ _ _ _ _ _ _ _ _ _ _ _ _ _ _ _ _ _ _ _ _ _ _ _ _ _ _ _ _ _ _ _ _ _ _ _ _ _ _ _ _ _ _ _ _ _ _ _ _ _ _ _ _ _ _ _ _ _ _ _ _ _ _ _ _ \n\nself = <selenium.webdriver.support.wait.WebDriverWait (session=\"ef9b6c8e1a5530bc41fa3119d0ec872d\")>, method = <function none_of.<locals>.none_of_condition at 0x000001278D2A3EB0>\nmessage = ''\n\n    def until(self, method: Callable[[D], Union[Literal[False], T]], message: str = \"\") -> T:\n        \"\"\"Calls the method provided with the driver as an argument until the \\\n        return value does not evaluate to ``False``.\n    \n        :param method: callable(WebDriver)\n        :param message: optional message for :exc:`TimeoutException`\n        :returns: the result of the last call to `method`\n        :raises: :exc:`selenium.common.exceptions.TimeoutException` if timeout occurs\n        \"\"\"\n        screen = None\n        stacktrace = None\n    \n        end_time = time.monotonic() + self._timeout\n        while True:\n            try:\n                value = method(self._driver)\n                if value:\n                    return value\n            except self._ignored_exceptions as exc:\n                screen = getattr(exc, \"screen\", None)\n                stacktrace = getattr(exc, \"stacktrace\", None)\n            time.sleep(self._poll)\n            if time.monotonic() > end_time:\n                break\n>       raise TimeoutException(message, screen, stacktrace)\nE       selenium.common.exceptions.TimeoutException: Message:\n\nvenv\\lib\\site-packages\\selenium\\webdriver\\support\\wait.py:105: TimeoutException"}, "steps": [{"name": "Общие шаги: при создании нового заказа счётчик \"Выполнено за всё время\" увеличивается", "status": "broken", "statusDetails": {"message": "selenium.common.exceptions.TimeoutException: Message: \n\n", "trace": "  File \"C:\\Users\\123\\PycharmProjects\\Diplom\\Diplom_3\\venv\\lib\\site-packages\\allure_commons\\_allure.py\", line 192, in impl\n    return func(*a, **kw)\n  File \"C:\\Users\\123\\PycharmProjects\\Diplom\\Diplom_3\\pages\\order_feed_page.py\", line 238, in base_check_rise_num_orders_all_time\n    self.wait__element_number_orders()\n  File \"C:\\Users\\123\\PycharmProjects\\Diplom\\Diplom_3\\venv\\lib\\site-packages\\allure_commons\\_allure.py\", line 192, in impl\n    return func(*a, **kw)\n  File \"C:\\Users\\123\\PycharmProjects\\Diplom\\Diplom_3\\pages\\order_feed_page.py\", line 53, in wait__element_number_orders\n    return self.wait_element_(locator, text_value)\n  File \"C:\\Users\\123\\PycharmProjects\\Diplom\\Diplom_3\\pages\\base_page.py\", line 43, in wait_element_\n    return WebDriverWait(self.driver, 15).until(expected_conditions.none_of(\n  File \"C:\\Users\\123\\PycharmProjects\\Diplom\\Diplom_3\\venv\\lib\\site-packages\\selenium\\webdriver\\support\\wait.py\", line 105, in until\n    raise TimeoutException(message, screen, stacktrace)\n"}, "steps": [{"name": "Общие шаги: получение количества заказов \"Выполнено за всё время\"", "status": "passed", "steps": [{"name": "Общие шаги для авторизации", "status": "passed", "steps": [{"name": "Ожидаем кликабельность кнопки \"Войти в аккаунт\"", "status": "passed", "start": 1704917838808, "stop": 1704917838844}, {"name": "Нажимаем на кнопку \"Войти в аккаунт\" на главной странице", "status": "passed", "start": 1704917838844, "stop": 1704917838918}, {"name": "Нажимаем на поле \"Email\" на странице авторизации", "status": "passed", "start": 1704917838921, "stop": 1704917839044}, {"name": "Вводим email зарегистрированного пользователя на странице авторизации", "status": "passed", "start": 1704917839044, "stop": 1704917839167}, {"name": "Нажимаем на поле \"Пароль\" на странице авторизации", "status": "passed", "start": 1704917839167, "stop": 1704917839339}, {"name": "Вводим пароль зарегистрированного пользователя на странице авторизации", "status": "passed", "start": 1704917839339, "stop": 1704917839435}, {"name": "Ожидаем кнопку \"Войти\" на странице авторизации", "status": "passed", "start": 1704917839435, "stop": 1704917839474}, {"name": "Нажимаем на кнопку \"Войти\" на странице авторизации", "status": "passed", "start": 1704917839474, "stop": 1704917839532}], "start": 1704917838800, "stop": 1704917839536}, {"name": "Нажимаем на кнопку \"Лента Заказов\" на главной странице", "status": "passed", "start": 1704917839536, "stop": 1704917839953}, {"name": "Находим счетчик заказов \"Выполнено за все время\" на странице \"Лента Заказов\"", "status": "passed", "start": 1704917840505, "stop": 1704917840524}, {"name": "Получаем счетчик заказов \"Выполнено за все время\" на странице \"Лента Заказов\"", "status": "passed", "start": 1704917840524, "stop": 1704917840553}], "start": 1704917838800, "stop": 1704917840553}, {"name": "Ожидаем кликабельность логотипа на странице \"Лента Заказов\"", "status": "passed", "start": 1704917840553, "stop": 1704917840569}, {"name": "Находим логотип на странице \"Лента Заказов\"", "status": "passed", "start": 1704917840569, "stop": 1704917840585}, {"name": "Нажимаем на логотип \"Stellar Burgers\"", "status": "passed", "start": 1704917840585, "stop": 1704917840645}, {"name": "Перетаскиваем ингредиент в заказ", "status": "passed", "start": 1704917840645, "stop": 1704917841266}, {"name": "Ожидаем нахождение кнопки \"Оформить заказ\"", "status": "passed", "start": 1704917841266, "stop": 1704917841285}, {"name": "Находим кнопку \"Оформить заказ\"", "status": "passed", "start": 1704917841285, "stop": 1704917841293}, {"name": "Нажимаем на кнопку \"Оформить заказ\"", "status": "passed", "start": 1704917841293, "stop": 1704917841334}, {"name": "Ожидание появления нового номера заказов", "status": "broken", "statusDetails": {"message": "selenium.common.exceptions.TimeoutException: Message: \n\n", "trace": "  File \"C:\\Users\\123\\PycharmProjects\\Diplom\\Diplom_3\\venv\\lib\\site-packages\\allure_commons\\_allure.py\", line 192, in impl\n    return func(*a, **kw)\n  File \"C:\\Users\\123\\PycharmProjects\\Diplom\\Diplom_3\\pages\\order_feed_page.py\", line 53, in wait__element_number_orders\n    return self.wait_element_(locator, text_value)\n  File \"C:\\Users\\123\\PycharmProjects\\Diplom\\Diplom_3\\pages\\base_page.py\", line 43, in wait_element_\n    return WebDriverWait(self.driver, 15).until(expected_conditions.none_of(\n  File \"C:\\Users\\123\\PycharmProjects\\Diplom\\Diplom_3\\venv\\lib\\site-packages\\selenium\\webdriver\\support\\wait.py\", line 105, in until\n    raise TimeoutException(message, screen, stacktrace)\n"}, "start": 1704917841338, "stop": 1704917856542}], "start": 1704917838800, "stop": 1704917856542}], "start": 1704917838800, "stop": 1704917856542, "uuid": "76eea8cb-9436-4cd7-aca8-48275c634df7", "historyId": "6e1322f898bbd677da32b9365a99726f", "testCaseId": "6e1322f898bbd677da32b9365a99726f", "fullName": "tests.test_order_feed_page.TestOrderFeedPage#test_rise_num_orders_all_time", "labels": [{"name": "parentSuite", "value": "tests"}, {"name": "suite", "value": "test_order_feed_page"}, {"name": "subSuite", "value": "TestOrderFeedPage"}, {"name": "host", "value": "LAPTOP-588797DN"}, {"name": "thread", "value": "40996-MainThread"}, {"name": "framework", "value": "pytest"}, {"name": "language", "value": "cpython3"}, {"name": "package", "value": "tests.test_order_feed_page"}]}