{"name": "При создании нового заказа счётчик \"Выполнено за всё время\" увеличивается", "status": "broken", "statusDetails": {"message": "selenium.common.exceptions.TimeoutException: Message:", "trace": "self = <tests.test_order_feed_page.TestOrderFeedPage object at 0x000001AF9D9DB370>\ndriver = <selenium.webdriver.chrome.webdriver.WebDriver (session=\"ef5cf992eb450888b9a389ea9fec3765\")>\n\n    @allure.title('При создании нового заказа счётчик \"Выполнено за всё время\" увеличивается')\n    def test_rise_num_orders_all_time(self, driver):\n>       result = OrderFeedPage(driver).base_check_rise_num_orders_all_time()\n\ntests\\test_order_feed_page.py:18: \n_ _ _ _ _ _ _ _ _ _ _ _ _ _ _ _ _ _ _ _ _ _ _ _ _ _ _ _ _ _ _ _ _ _ _ _ _ _ _ _ _ _ _ _ _ _ _ _ _ _ _ _ _ _ _ _ _ _ _ _ _ _ _ _ _ _ _ _ _ _ _ _ _ _ _ _ _ _ _ _ _ _ _ _ _ _ _ _ _ \npages\\order_feed_page.py:232: in base_check_rise_num_orders_all_time\n    self.wait__element_number_orders()\npages\\order_feed_page.py:52: in wait__element_number_orders\n    return self.wait_element_(locator, text_value)\npages\\base_page.py:43: in wait_element_\n    return WebDriverWait(self.driver, 15).until(expected_conditions.none_of(\n_ _ _ _ _ _ _ _ _ _ _ _ _ _ _ _ _ _ _ _ _ _ _ _ _ _ _ _ _ _ _ _ _ _ _ _ _ _ _ _ _ _ _ _ _ _ _ _ _ _ _ _ _ _ _ _ _ _ _ _ _ _ _ _ _ _ _ _ _ _ _ _ _ _ _ _ _ _ _ _ _ _ _ _ _ _ _ _ _ \n\nself = <selenium.webdriver.support.wait.WebDriverWait (session=\"ef5cf992eb450888b9a389ea9fec3765\")>, method = <function none_of.<locals>.none_of_condition at 0x000001AF9DAC8B80>\nmessage = ''\n\n    def until(self, method: Callable[[D], Union[Literal[False], T]], message: str = \"\") -> T:\n        \"\"\"Calls the method provided with the driver as an argument until the \\\n        return value does not evaluate to ``False``.\n    \n        :param method: callable(WebDriver)\n        :param message: optional message for :exc:`TimeoutException`\n        :returns: the result of the last call to `method`\n        :raises: :exc:`selenium.common.exceptions.TimeoutException` if timeout occurs\n        \"\"\"\n        screen = None\n        stacktrace = None\n    \n        end_time = time.monotonic() + self._timeout\n        while True:\n            try:\n                value = method(self._driver)\n                if value:\n                    return value\n            except self._ignored_exceptions as exc:\n                screen = getattr(exc, \"screen\", None)\n                stacktrace = getattr(exc, \"stacktrace\", None)\n            time.sleep(self._poll)\n            if time.monotonic() > end_time:\n                break\n>       raise TimeoutException(message, screen, stacktrace)\nE       selenium.common.exceptions.TimeoutException: Message:\n\nvenv\\lib\\site-packages\\selenium\\webdriver\\support\\wait.py:105: TimeoutException"}, "steps": [{"name": "Общие шаги: при создании нового заказа счётчик \"Выполнено за всё время\" увеличивается", "status": "broken", "statusDetails": {"message": "selenium.common.exceptions.TimeoutException: Message: \n\n", "trace": "  File \"C:\\Users\\123\\PycharmProjects\\Diplom\\Diplom_3\\venv\\lib\\site-packages\\allure_commons\\_allure.py\", line 192, in impl\n    return func(*a, **kw)\n  File \"C:\\Users\\123\\PycharmProjects\\Diplom\\Diplom_3\\pages\\order_feed_page.py\", line 232, in base_check_rise_num_orders_all_time\n    self.wait__element_number_orders()\n  File \"C:\\Users\\123\\PycharmProjects\\Diplom\\Diplom_3\\venv\\lib\\site-packages\\allure_commons\\_allure.py\", line 192, in impl\n    return func(*a, **kw)\n  File \"C:\\Users\\123\\PycharmProjects\\Diplom\\Diplom_3\\pages\\order_feed_page.py\", line 52, in wait__element_number_orders\n    return self.wait_element_(locator, text_value)\n  File \"C:\\Users\\123\\PycharmProjects\\Diplom\\Diplom_3\\pages\\base_page.py\", line 43, in wait_element_\n    return WebDriverWait(self.driver, 15).until(expected_conditions.none_of(\n  File \"C:\\Users\\123\\PycharmProjects\\Diplom\\Diplom_3\\venv\\lib\\site-packages\\selenium\\webdriver\\support\\wait.py\", line 105, in until\n    raise TimeoutException(message, screen, stacktrace)\n"}, "steps": [{"name": "Общие шаги: получение количества заказов \"Выполнено за всё время\"", "status": "passed", "steps": [{"name": "Общие шаги для авторизации", "status": "passed", "steps": [{"name": "Ожидаем кликабельность кнопки \"Личный кабинет\"", "status": "passed", "start": 1704912869324, "stop": 1704912869347}, {"name": "Нажимаем на кнопку \"Войти в аккаунт\" на главной странице", "status": "passed", "start": 1704912869347, "stop": 1704912869400}, {"name": "Нажимаем на поле \"Email\" на странице авторизации", "status": "passed", "start": 1704912869404, "stop": 1704912869453}, {"name": "Вводим email зарегистрированного пользователя на странице авторизации", "status": "passed", "start": 1704912869453, "stop": 1704912869547}, {"name": "Нажимаем на поле \"Пароль\" на странице авторизации", "status": "passed", "start": 1704912869547, "stop": 1704912869594}, {"name": "Вводим пароль зарегистрированного пользователя на странице авторизации", "status": "passed", "start": 1704912869594, "stop": 1704912869630}, {"name": "Ожидаем кнопку \"Войти\" на странице авторизации", "status": "passed", "start": 1704912869630, "stop": 1704912869647}, {"name": "Нажимаем на кнопку \"Войти\" на странице авторизации", "status": "passed", "start": 1704912869647, "stop": 1704912869684}], "start": 1704912869321, "stop": 1704912869688}, {"name": "Нажимаем на кнопку \"Лента Заказов\" на главной странице", "status": "passed", "start": 1704912869689, "stop": 1704912870063}, {"name": "Находим счетчик заказов \"Выполнено за все время\" на странице \"Лента Заказов\"", "status": "passed", "start": 1704912870590, "stop": 1704912870604}, {"name": "Получаем счетчик заказов \"Выполнено за все время\" на странице \"Лента Заказов\"", "status": "passed", "start": 1704912870604, "stop": 1704912870626}], "start": 1704912869321, "stop": 1704912870626}, {"name": "Ожидаем кликабельность логотипа на странице \"Лента Заказов\"", "status": "passed", "start": 1704912870627, "stop": 1704912870643}, {"name": "Находим логотип на странице \"Лента Заказов\"", "status": "passed", "start": 1704912870643, "stop": 1704912870647}, {"name": "Нажимаем на логотип \"Stellar Burgers\"", "status": "passed", "start": 1704912870648, "stop": 1704912870706}, {"name": "Перетаскиваем ингредиент в заказ", "status": "passed", "start": 1704912870706, "stop": 1704912871313}, {"name": "Нажимаем на кнопку \"Оформить заказ\"", "status": "passed", "start": 1704912871313, "stop": 1704912871362}, {"name": "Ожидание появления нового номера заказов", "status": "broken", "statusDetails": {"message": "selenium.common.exceptions.TimeoutException: Message: \n\n", "trace": "  File \"C:\\Users\\123\\PycharmProjects\\Diplom\\Diplom_3\\venv\\lib\\site-packages\\allure_commons\\_allure.py\", line 192, in impl\n    return func(*a, **kw)\n  File \"C:\\Users\\123\\PycharmProjects\\Diplom\\Diplom_3\\pages\\order_feed_page.py\", line 52, in wait__element_number_orders\n    return self.wait_element_(locator, text_value)\n  File \"C:\\Users\\123\\PycharmProjects\\Diplom\\Diplom_3\\pages\\base_page.py\", line 43, in wait_element_\n    return WebDriverWait(self.driver, 15).until(expected_conditions.none_of(\n  File \"C:\\Users\\123\\PycharmProjects\\Diplom\\Diplom_3\\venv\\lib\\site-packages\\selenium\\webdriver\\support\\wait.py\", line 105, in until\n    raise TimeoutException(message, screen, stacktrace)\n"}, "start": 1704912871365, "stop": 1704912886910}], "start": 1704912869321, "stop": 1704912886912}], "start": 1704912869321, "stop": 1704912886913, "uuid": "1ee656cf-a36e-48db-a9ac-5a9f7a8a79fd", "historyId": "6e1322f898bbd677da32b9365a99726f", "testCaseId": "6e1322f898bbd677da32b9365a99726f", "fullName": "tests.test_order_feed_page.TestOrderFeedPage#test_rise_num_orders_all_time", "labels": [{"name": "parentSuite", "value": "tests"}, {"name": "suite", "value": "test_order_feed_page"}, {"name": "subSuite", "value": "TestOrderFeedPage"}, {"name": "host", "value": "LAPTOP-588797DN"}, {"name": "thread", "value": "34444-MainThread"}, {"name": "framework", "value": "pytest"}, {"name": "language", "value": "cpython3"}, {"name": "package", "value": "tests.test_order_feed_page"}]}